{"total": {"lines":{"total":1403,"covered":754,"skipped":0,"pct":53.74},"statements":{"total":1403,"covered":754,"skipped":0,"pct":53.74},"functions":{"total":56,"covered":23,"skipped":0,"pct":41.07},"branches":{"total":65,"covered":46,"skipped":0,"pct":70.77}}
,"/home/milan/work/office-projects/energy-dashboard/backend/app/building.js": {"lines":{"total":76,"covered":24,"skipped":0,"pct":31.58},"functions":{"total":6,"covered":2,"skipped":0,"pct":33.33},"statements":{"total":76,"covered":24,"skipped":0,"pct":31.58},"branches":{"total":4,"covered":3,"skipped":0,"pct":75}}
,"/home/milan/work/office-projects/energy-dashboard/backend/app/campaign.js": {"lines":{"total":94,"covered":42,"skipped":0,"pct":44.68},"functions":{"total":5,"covered":1,"skipped":0,"pct":20},"statements":{"total":94,"covered":42,"skipped":0,"pct":44.68},"branches":{"total":3,"covered":2,"skipped":0,"pct":66.67}}
,"/home/milan/work/office-projects/energy-dashboard/backend/app/meter.js": {"lines":{"total":133,"covered":33,"skipped":0,"pct":24.81},"functions":{"total":6,"covered":1,"skipped":0,"pct":16.67},"statements":{"total":133,"covered":33,"skipped":0,"pct":24.81},"branches":{"total":3,"covered":2,"skipped":0,"pct":66.67}}
,"/home/milan/work/office-projects/energy-dashboard/backend/app/now.js": {"lines":{"total":17,"covered":16,"skipped":0,"pct":94.12},"functions":{"total":1,"covered":1,"skipped":0,"pct":100},"statements":{"total":17,"covered":16,"skipped":0,"pct":94.12},"branches":{"total":2,"covered":1,"skipped":0,"pct":50}}
,"/home/milan/work/office-projects/energy-dashboard/backend/dependencies/nodejs/meter_classes.js": {"lines":{"total":150,"covered":150,"skipped":0,"pct":100},"functions":{"total":0,"covered":0,"skipped":0,"pct":100},"statements":{"total":150,"covered":150,"skipped":0,"pct":100},"branches":{"total":0,"covered":0,"skipped":0,"pct":100}}
,"/home/milan/work/office-projects/energy-dashboard/backend/dependencies/nodejs/models/building.js": {"lines":{"total":254,"covered":162,"skipped":0,"pct":63.78},"functions":{"total":9,"covered":5,"skipped":0,"pct":55.56},"statements":{"total":254,"covered":162,"skipped":0,"pct":63.78},"branches":{"total":15,"covered":14,"skipped":0,"pct":93.33}}
,"/home/milan/work/office-projects/energy-dashboard/backend/dependencies/nodejs/models/campaign.js": {"lines":{"total":122,"covered":76,"skipped":0,"pct":62.3},"functions":{"total":7,"covered":4,"skipped":0,"pct":57.14},"statements":{"total":122,"covered":76,"skipped":0,"pct":62.3},"branches":{"total":6,"covered":5,"skipped":0,"pct":83.33}}
,"/home/milan/work/office-projects/energy-dashboard/backend/dependencies/nodejs/models/meter.js": {"lines":{"total":325,"covered":115,"skipped":0,"pct":35.38},"functions":{"total":11,"covered":4,"skipped":0,"pct":36.36},"statements":{"total":325,"covered":115,"skipped":0,"pct":35.38},"branches":{"total":14,"covered":10,"skipped":0,"pct":71.43}}
,"/home/milan/work/office-projects/energy-dashboard/backend/dependencies/nodejs/models/meter_group.js": {"lines":{"total":124,"covered":49,"skipped":0,"pct":39.52},"functions":{"total":9,"covered":3,"skipped":0,"pct":33.33},"statements":{"total":124,"covered":49,"skipped":0,"pct":39.52},"branches":{"total":4,"covered":3,"skipped":0,"pct":75}}
,"/home/milan/work/office-projects/energy-dashboard/backend/tests/utility/cors_test_utility.js": {"lines":{"total":74,"covered":53,"skipped":0,"pct":71.62},"functions":{"total":1,"covered":1,"skipped":0,"pct":100},"statements":{"total":74,"covered":53,"skipped":0,"pct":71.62},"branches":{"total":9,"covered":1,"skipped":0,"pct":11.11}}
,"/home/milan/work/office-projects/energy-dashboard/backend/tests/utility/csv_to_obj.js": {"lines":{"total":34,"covered":34,"skipped":0,"pct":100},"functions":{"total":1,"covered":1,"skipped":0,"pct":100},"statements":{"total":34,"covered":34,"skipped":0,"pct":100},"branches":{"total":5,"covered":5,"skipped":0,"pct":100}}
}
