{"total": {"lines":{"total":1239,"covered":1001,"skipped":0,"pct":80.79},"statements":{"total":1239,"covered":1001,"skipped":0,"pct":80.79},"functions":{"total":33,"covered":20,"skipped":0,"pct":60.61},"branches":{"total":58,"covered":38,"skipped":0,"pct":65.52}}
,"/home/milan/work/office-projects/energy-dashboard/backend/app/building.js": {"lines":{"total":76,"covered":24,"skipped":0,"pct":31.58},"functions":{"total":5,"covered":1,"skipped":0,"pct":20},"statements":{"total":76,"covered":24,"skipped":0,"pct":31.58},"branches":{"total":3,"covered":2,"skipped":0,"pct":66.67}}
,"/home/milan/work/office-projects/energy-dashboard/backend/app/campaign.js": {"lines":{"total":94,"covered":42,"skipped":0,"pct":44.68},"functions":{"total":5,"covered":1,"skipped":0,"pct":20},"statements":{"total":94,"covered":42,"skipped":0,"pct":44.68},"branches":{"total":3,"covered":2,"skipped":0,"pct":66.67}}
,"/home/milan/work/office-projects/energy-dashboard/backend/app/meter.js": {"lines":{"total":133,"covered":33,"skipped":0,"pct":24.81},"functions":{"total":6,"covered":1,"skipped":0,"pct":16.67},"statements":{"total":133,"covered":33,"skipped":0,"pct":24.81},"branches":{"total":2,"covered":1,"skipped":0,"pct":50}}
,"/home/milan/work/office-projects/energy-dashboard/backend/app/now.js": {"lines":{"total":17,"covered":16,"skipped":0,"pct":94.12},"functions":{"total":1,"covered":1,"skipped":0,"pct":100},"statements":{"total":17,"covered":16,"skipped":0,"pct":94.12},"branches":{"total":2,"covered":1,"skipped":0,"pct":50}}
,"/home/milan/work/office-projects/energy-dashboard/backend/dependencies/nodejs/models/building.js": {"lines":{"total":254,"covered":253,"skipped":0,"pct":99.61},"functions":{"total":4,"covered":4,"skipped":0,"pct":100},"statements":{"total":254,"covered":253,"skipped":0,"pct":99.61},"branches":{"total":12,"covered":11,"skipped":0,"pct":91.67}}
,"/home/milan/work/office-projects/energy-dashboard/backend/dependencies/nodejs/models/campaign.js": {"lines":{"total":122,"covered":121,"skipped":0,"pct":99.18},"functions":{"total":3,"covered":3,"skipped":0,"pct":100},"statements":{"total":122,"covered":121,"skipped":0,"pct":99.18},"branches":{"total":5,"covered":4,"skipped":0,"pct":80}}
,"/home/milan/work/office-projects/energy-dashboard/backend/dependencies/nodejs/models/meter.js": {"lines":{"total":325,"covered":319,"skipped":0,"pct":98.15},"functions":{"total":4,"covered":4,"skipped":0,"pct":100},"statements":{"total":325,"covered":319,"skipped":0,"pct":98.15},"branches":{"total":15,"covered":11,"skipped":0,"pct":73.33}}
,"/home/milan/work/office-projects/energy-dashboard/backend/dependencies/nodejs/models/meter_group.js": {"lines":{"total":124,"covered":122,"skipped":0,"pct":98.39},"functions":{"total":3,"covered":3,"skipped":0,"pct":100},"statements":{"total":124,"covered":122,"skipped":0,"pct":98.39},"branches":{"total":4,"covered":3,"skipped":0,"pct":75}}
,"/home/milan/work/office-projects/energy-dashboard/backend/tests/utility/cors_test_utility.js": {"lines":{"total":74,"covered":53,"skipped":0,"pct":71.62},"functions":{"total":1,"covered":1,"skipped":0,"pct":100},"statements":{"total":74,"covered":53,"skipped":0,"pct":71.62},"branches":{"total":9,"covered":1,"skipped":0,"pct":11.11}}
,"/home/milan/work/office-projects/energy-dashboard/backend/tests/utility/sql_test_utility.js": {"lines":{"total":20,"covered":18,"skipped":0,"pct":90},"functions":{"total":1,"covered":1,"skipped":0,"pct":100},"statements":{"total":20,"covered":18,"skipped":0,"pct":90},"branches":{"total":3,"covered":2,"skipped":0,"pct":66.67}}
}
