{"total": {"lines":{"total":1460,"covered":419,"skipped":0,"pct":28.7},"statements":{"total":1513,"covered":430,"skipped":0,"pct":28.42},"functions":{"total":422,"covered":144,"skipped":0,"pct":34.12},"branches":{"total":401,"covered":80,"skipped":0,"pct":19.95}}
,"/home/milan/work/office-projects/energy-dashboard/src/components/building_list/building_list.vue": {"lines":{"total":48,"covered":30,"skipped":0,"pct":62.5},"functions":{"total":12,"covered":7,"skipped":0,"pct":58.33},"statements":{"total":48,"covered":30,"skipped":0,"pct":62.5},"branches":{"total":30,"covered":16,"skipped":0,"pct":53.33}}
,"/home/milan/work/office-projects/energy-dashboard/src/components/building_list/view_card.vue": {"lines":{"total":24,"covered":8,"skipped":0,"pct":33.33},"functions":{"total":11,"covered":6,"skipped":0,"pct":54.55},"statements":{"total":24,"covered":8,"skipped":0,"pct":33.33},"branches":{"total":14,"covered":2,"skipped":0,"pct":14.29}}
,"/home/milan/work/office-projects/energy-dashboard/src/components/building_list/modals/confirm_delete.vue": {"lines":{"total":8,"covered":1,"skipped":0,"pct":12.5},"functions":{"total":5,"covered":1,"skipped":0,"pct":20},"statements":{"total":8,"covered":1,"skipped":0,"pct":12.5},"branches":{"total":2,"covered":0,"skipped":0,"pct":0}}
,"/home/milan/work/office-projects/energy-dashboard/src/components/building_list/modals/edit_view.vue": {"lines":{"total":24,"covered":6,"skipped":0,"pct":25},"functions":{"total":9,"covered":4,"skipped":0,"pct":44.44},"statements":{"total":24,"covered":6,"skipped":0,"pct":25},"branches":{"total":10,"covered":1,"skipped":0,"pct":10}}
,"/home/milan/work/office-projects/energy-dashboard/src/components/extras/media_picker.vue": {"lines":{"total":10,"covered":0,"skipped":0,"pct":0},"functions":{"total":5,"covered":0,"skipped":0,"pct":0},"statements":{"total":10,"covered":0,"skipped":0,"pct":0},"branches":{"total":2,"covered":0,"skipped":0,"pct":0}}
,"/home/milan/work/office-projects/energy-dashboard/src/store/admin.module.js": {"lines":{"total":8,"covered":5,"skipped":0,"pct":62.5},"functions":{"total":2,"covered":0,"skipped":0,"pct":0},"statements":{"total":8,"covered":5,"skipped":0,"pct":62.5},"branches":{"total":0,"covered":0,"skipped":0,"pct":100}}
,"/home/milan/work/office-projects/energy-dashboard/src/store/api.js": {"lines":{"total":28,"covered":6,"skipped":0,"pct":21.43},"functions":{"total":21,"covered":4,"skipped":0,"pct":19.05},"statements":{"total":28,"covered":6,"skipped":0,"pct":21.43},"branches":{"total":10,"covered":5,"skipped":0,"pct":50}}
,"/home/milan/work/office-projects/energy-dashboard/src/store/block.module.js": {"lines":{"total":208,"covered":61,"skipped":0,"pct":29.33},"functions":{"total":52,"covered":16,"skipped":0,"pct":30.77},"statements":{"total":215,"covered":62,"skipped":0,"pct":28.84},"branches":{"total":52,"covered":8,"skipped":0,"pct":15.38}}
,"/home/milan/work/office-projects/energy-dashboard/src/store/building.module.js": {"lines":{"total":94,"covered":51,"skipped":0,"pct":54.26},"functions":{"total":31,"covered":19,"skipped":0,"pct":61.29},"statements":{"total":94,"covered":51,"skipped":0,"pct":54.26},"branches":{"total":26,"covered":8,"skipped":0,"pct":30.77}}
,"/home/milan/work/office-projects/energy-dashboard/src/store/campaign.module.js": {"lines":{"total":90,"covered":4,"skipped":0,"pct":4.44},"functions":{"total":28,"covered":0,"skipped":0,"pct":0},"statements":{"total":93,"covered":4,"skipped":0,"pct":4.3},"branches":{"total":12,"covered":0,"skipped":0,"pct":0}}
,"/home/milan/work/office-projects/energy-dashboard/src/store/campaigns.module.js": {"lines":{"total":38,"covered":4,"skipped":0,"pct":10.53},"functions":{"total":11,"covered":0,"skipped":0,"pct":0},"statements":{"total":39,"covered":4,"skipped":0,"pct":10.26},"branches":{"total":6,"covered":0,"skipped":0,"pct":0}}
,"/home/milan/work/office-projects/energy-dashboard/src/store/chart.module.js": {"lines":{"total":60,"covered":12,"skipped":0,"pct":20},"functions":{"total":24,"covered":7,"skipped":0,"pct":29.17},"statements":{"total":61,"covered":12,"skipped":0,"pct":19.67},"branches":{"total":14,"covered":0,"skipped":0,"pct":0}}
,"/home/milan/work/office-projects/energy-dashboard/src/store/index.js": {"lines":{"total":2,"covered":1,"skipped":0,"pct":50},"functions":{"total":1,"covered":0,"skipped":0,"pct":0},"statements":{"total":2,"covered":1,"skipped":0,"pct":50},"branches":{"total":0,"covered":0,"skipped":0,"pct":100}}
,"/home/milan/work/office-projects/energy-dashboard/src/store/map.module.js": {"lines":{"total":100,"covered":41,"skipped":0,"pct":41},"functions":{"total":27,"covered":10,"skipped":0,"pct":37.04},"statements":{"total":101,"covered":41,"skipped":0,"pct":40.59},"branches":{"total":26,"covered":5,"skipped":0,"pct":19.23}}
,"/home/milan/work/office-projects/energy-dashboard/src/store/meter.module.js": {"lines":{"total":46,"covered":21,"skipped":0,"pct":45.65},"functions":{"total":23,"covered":16,"skipped":0,"pct":69.57},"statements":{"total":46,"covered":21,"skipped":0,"pct":45.65},"branches":{"total":2,"covered":0,"skipped":0,"pct":0}}
,"/home/milan/work/office-projects/energy-dashboard/src/store/meter_group.module.js": {"lines":{"total":84,"covered":32,"skipped":0,"pct":38.1},"functions":{"total":23,"covered":13,"skipped":0,"pct":56.52},"statements":{"total":84,"covered":32,"skipped":0,"pct":38.1},"branches":{"total":24,"covered":2,"skipped":0,"pct":8.33}}
,"/home/milan/work/office-projects/energy-dashboard/src/store/modal_controller.module.js": {"lines":{"total":14,"covered":7,"skipped":0,"pct":50},"functions":{"total":8,"covered":3,"skipped":0,"pct":37.5},"statements":{"total":14,"covered":7,"skipped":0,"pct":50},"branches":{"total":0,"covered":0,"skipped":0,"pct":100}}
,"/home/milan/work/office-projects/energy-dashboard/src/store/user.module.js": {"lines":{"total":63,"covered":4,"skipped":0,"pct":6.35},"functions":{"total":19,"covered":0,"skipped":0,"pct":0},"statements":{"total":63,"covered":4,"skipped":0,"pct":6.35},"branches":{"total":8,"covered":0,"skipped":0,"pct":0}}
,"/home/milan/work/office-projects/energy-dashboard/src/store/view.module.js": {"lines":{"total":83,"covered":5,"skipped":0,"pct":6.02},"functions":{"total":25,"covered":0,"skipped":0,"pct":0},"statements":{"total":83,"covered":5,"skipped":0,"pct":6.02},"branches":{"total":4,"covered":0,"skipped":0,"pct":0}}
,"/home/milan/work/office-projects/energy-dashboard/src/store/block_modifiers/base.mod.js": {"lines":{"total":2,"covered":1,"skipped":0,"pct":50},"functions":{"total":6,"covered":0,"skipped":0,"pct":0},"statements":{"total":2,"covered":1,"skipped":0,"pct":50},"branches":{"total":0,"covered":0,"skipped":0,"pct":100}}
,"/home/milan/work/office-projects/energy-dashboard/src/store/block_modifiers/building_compare.mod.js": {"lines":{"total":22,"covered":1,"skipped":0,"pct":4.55},"functions":{"total":10,"covered":0,"skipped":0,"pct":0},"statements":{"total":22,"covered":1,"skipped":0,"pct":4.55},"branches":{"total":8,"covered":0,"skipped":0,"pct":0}}
,"/home/milan/work/office-projects/energy-dashboard/src/store/block_modifiers/campaign_linebar.mod.js": {"lines":{"total":49,"covered":1,"skipped":0,"pct":2.04},"functions":{"total":6,"covered":0,"skipped":0,"pct":0},"statements":{"total":50,"covered":1,"skipped":0,"pct":2},"branches":{"total":16,"covered":0,"skipped":0,"pct":0}}
,"/home/milan/work/office-projects/energy-dashboard/src/store/block_modifiers/index.js": {"lines":{"total":4,"covered":4,"skipped":0,"pct":100},"functions":{"total":1,"covered":1,"skipped":0,"pct":100},"statements":{"total":4,"covered":4,"skipped":0,"pct":100},"branches":{"total":0,"covered":0,"skipped":0,"pct":100}}
,"/home/milan/work/office-projects/energy-dashboard/src/store/chart_modifiers/index.js": {"lines":{"total":12,"covered":0,"skipped":0,"pct":0},"functions":{"total":1,"covered":0,"skipped":0,"pct":0},"statements":{"total":12,"covered":0,"skipped":0,"pct":0},"branches":{"total":15,"covered":0,"skipped":0,"pct":0}}
,"/home/milan/work/office-projects/energy-dashboard/src/store/chart_modifiers/line_bar/accumulated_real.js": {"lines":{"total":53,"covered":0,"skipped":0,"pct":0},"functions":{"total":3,"covered":0,"skipped":0,"pct":0},"statements":{"total":55,"covered":0,"skipped":0,"pct":0},"branches":{"total":20,"covered":0,"skipped":0,"pct":0}}
,"/home/milan/work/office-projects/energy-dashboard/src/store/chart_modifiers/line_bar/avg_accumulated_real.js": {"lines":{"total":68,"covered":0,"skipped":0,"pct":0},"functions":{"total":3,"covered":0,"skipped":0,"pct":0},"statements":{"total":74,"covered":0,"skipped":0,"pct":0},"branches":{"total":21,"covered":0,"skipped":0,"pct":0}}
,"/home/milan/work/office-projects/energy-dashboard/src/store/chart_modifiers/line_bar/base.js": {"lines":{"total":20,"covered":0,"skipped":0,"pct":0},"functions":{"total":2,"covered":0,"skipped":0,"pct":0},"statements":{"total":21,"covered":0,"skipped":0,"pct":0},"branches":{"total":7,"covered":0,"skipped":0,"pct":0}}
,"/home/milan/work/office-projects/energy-dashboard/src/store/chart_modifiers/line_bar/baseline_perc.js": {"lines":{"total":57,"covered":0,"skipped":0,"pct":0},"functions":{"total":2,"covered":0,"skipped":0,"pct":0},"statements":{"total":62,"covered":0,"skipped":0,"pct":0},"branches":{"total":21,"covered":0,"skipped":0,"pct":0}}
,"/home/milan/work/office-projects/energy-dashboard/src/store/chart_modifiers/pie_doughnut/base.js": {"lines":{"total":7,"covered":0,"skipped":0,"pct":0},"functions":{"total":2,"covered":0,"skipped":0,"pct":0},"statements":{"total":7,"covered":0,"skipped":0,"pct":0},"branches":{"total":0,"covered":0,"skipped":0,"pct":100}}
,"/home/milan/work/office-projects/energy-dashboard/src/store/data_layer/data_store.js": {"lines":{"total":134,"covered":113,"skipped":0,"pct":84.33},"functions":{"total":49,"covered":37,"skipped":0,"pct":75.51},"statements":{"total":159,"covered":123,"skipped":0,"pct":77.36},"branches":{"total":51,"covered":33,"skipped":0,"pct":64.71}}
}
